Wed 22 Mar 2023 01:39:22 AM UTC: 
 tests:  0|6
total_score: 0/70
f5c6886
Thu 23 Mar 2023 03:18:01 PM UTC: 
 list.c | 13 ++++++++++++-
 1 file changed, 12 insertions(+), 1 deletion(-)
In file included from test.c:5:
list.c: In function ‘pushFront’:
list.c:61:3: error: ‘lista’ undeclared (first use in this function); did you mean ‘list’?
   61 |   lista->head=n;
      |   ^~~~~
      |   list
list.c:61:3: note: each undeclared identifier is reported only once for each function it appears in
Compilation failed
996deb4
Thu 23 Mar 2023 03:18:13 PM UTC: 
 list.c | 2 +-
 1 file changed, 1 insertion(+), 1 deletion(-)
 tests:  1|5
total_score: 10/70
8839c83
Thu 23 Mar 2023 03:23:31 PM UTC: 
 list.c | 3 +++
 1 file changed, 3 insertions(+)
In file included from test.c:5:
list.c: In function ‘firstList’:
list.c:39:11: error: ‘List’ {aka ‘struct List’} has no member named ‘first’
   39 |   if(!list->first) return NULL;
      |           ^~
list.c:40:21: error: ‘List’ {aka ‘struct List’} has no member named ‘first’
   40 |   list->current=list->first;
      |                     ^~
list.c:41:14: error: ‘List’ {aka ‘struct List’} has no member named ‘first’
   41 |   return(list->first->data)
      |              ^~
list.c:41:28: error: expected ‘;’ before ‘return’
   41 |   return(list->first->data)
      |                            ^
      |                            ;
   42 |     return NULL;
      |     ~~~~~~                  
list.c:43:1: error: control reaches end of non-void function [-Werror=return-type]
   43 | }
      | ^
cc1: all warnings being treated as errors
Compilation failed
e23d6a5
Thu 23 Mar 2023 03:24:47 PM UTC: 
 list.c | 6 +++---
 1 file changed, 3 insertions(+), 3 deletions(-)
 tests:  2|5
total_score: 15/70
bb43fe7
Thu 23 Mar 2023 03:27:42 PM UTC: 
 list.c | 4 ++--
 1 file changed, 2 insertions(+), 2 deletions(-)
 tests:  2|5
total_score: 15/70
0287269
Thu 23 Mar 2023 03:30:04 PM UTC: 
 list.c | 1 -
 1 file changed, 1 deletion(-)
 tests:  2|5
total_score: 15/70
68846a0
Thu 23 Mar 2023 03:30:52 PM UTC: 
 list.c | 4 +++-
 1 file changed, 3 insertions(+), 1 deletion(-)
In file included from test.c:5:
list.c: In function ‘nextList’:
list.c:45:11: error: ‘List’ {aka ‘struct List’} has no member named ‘next’
   45 |   if(!list->next) return NULL;
      |           ^~
list.c:46:21: error: ‘List’ {aka ‘struct List’} has no member named ‘next’
   46 |   list->current=list->next;
      |                     ^~
list.c:47:14: error: ‘List’ {aka ‘struct List’} has no member named ‘next’
   47 |   return(list->next->data);
      |              ^~
list.c:49:1: error: control reaches end of non-void function [-Werror=return-type]
   49 | }
      | ^
cc1: all warnings being treated as errors
Compilation failed
fbb146b
Thu 23 Mar 2023 03:31:13 PM UTC: 
 list.c | 2 +-
 1 file changed, 1 insertion(+), 1 deletion(-)
In file included from test.c:5:
list.c: In function ‘nextList’:
list.c:45:11: error: ‘List’ {aka ‘struct List’} has no member named ‘next’
   45 |   if(!list->next) return NULL;
      |           ^~
list.c:46:21: error: ‘List’ {aka ‘struct List’} has no member named ‘next’
   46 |   list->current=list->next;
      |                     ^~
Compilation failed
a6e4abb
Thu 23 Mar 2023 03:31:27 PM UTC: 
 list.c | 2 +-
 1 file changed, 1 insertion(+), 1 deletion(-)
In file included from test.c:5:
list.c: In function ‘nextList’:
list.c:46:21: error: ‘List’ {aka ‘struct List’} has no member named ‘next’
   46 |   list->current=list->next;
      |                     ^~
Compilation failed
7398f49
Thu 23 Mar 2023 03:31:34 PM UTC: 
 list.c | 2 +-
 1 file changed, 1 insertion(+), 1 deletion(-)
In file included from test.c:5:
list.c: In function ‘nextList’:
list.c:46:21: error: ‘list’ is a pointer; did you mean to use ‘->’?
   46 |   list->current=list.next;
      |                     ^
      |                     ->
Compilation failed
d4893f0
Thu 23 Mar 2023 03:31:42 PM UTC: 
 list.c | 2 +-
 1 file changed, 1 insertion(+), 1 deletion(-)
In file included from test.c:5:
list.c: In function ‘nextList’:
list.c:46:21: error: ‘List’ {aka ‘struct List’} has no member named ‘next’
   46 |   list->current=list->next;
      |                     ^~
Compilation failed
d0b8773
Thu 23 Mar 2023 03:32:35 PM UTC: 
 list.c | 2 +-
 1 file changed, 1 insertion(+), 1 deletion(-)
In file included from test.c:5:
list.c: In function ‘nextList’:
list.c:46:21: error: ‘list’ is a pointer; did you mean to use ‘->’?
   46 |   list->current=list.next;
      |                     ^
      |                     ->
Compilation failed
9127769
Thu 23 Mar 2023 03:33:13 PM UTC: 
 list.c | 4 ++--
 1 file changed, 2 insertions(+), 2 deletions(-)
 tests:  2|5
total_score: 15/70
de377cf
Thu 23 Mar 2023 03:33:39 PM UTC: 
 list.c | 4 ++--
 1 file changed, 2 insertions(+), 2 deletions(-)
 tests:  0|0
163bd71
Thu 23 Mar 2023 03:33:54 PM UTC: 
 list.c | 2 +-
 1 file changed, 1 insertion(+), 1 deletion(-)
 tests:  2|5
total_score: 15/70
19d2527
Thu 23 Mar 2023 03:34:10 PM UTC: 
 list.c | 2 +-
 1 file changed, 1 insertion(+), 1 deletion(-)
 tests:  2|5
total_score: 15/70
a91dfa4
Thu 23 Mar 2023 03:34:41 PM UTC: 
 list.c | 4 ++--
 1 file changed, 2 insertions(+), 2 deletions(-)
 tests:  2|5
total_score: 15/70
28f345a
Thu 23 Mar 2023 03:35:34 PM UTC: 
 list.c | 4 ++--
 1 file changed, 2 insertions(+), 2 deletions(-)
 tests:  0|0
b66484e
Thu 23 Mar 2023 03:37:10 PM UTC: 
 list.c | 1 +
 1 file changed, 1 insertion(+)
 tests:  0|0
af967a5
Thu 23 Mar 2023 03:37:32 PM UTC: 
 list.c | 3 ++-
 1 file changed, 2 insertions(+), 1 deletion(-)
 tests:  0|0
5f3699f
Thu 23 Mar 2023 03:38:45 PM UTC: 
 list.c | 2 +-
 1 file changed, 1 insertion(+), 1 deletion(-)
 tests:  0|0
ab91ce4
Thu 23 Mar 2023 03:39:12 PM UTC: 
 list.c | 2 +-
 1 file changed, 1 insertion(+), 1 deletion(-)
 tests:  2|5
total_score: 15/70
a731e1c
Thu 23 Mar 2023 03:39:31 PM UTC: 
 list.c | 2 +-
 1 file changed, 1 insertion(+), 1 deletion(-)
 tests:  2|5
total_score: 15/70
c704577
Thu 23 Mar 2023 03:39:58 PM UTC: 
 list.c | 3 +--
 1 file changed, 1 insertion(+), 2 deletions(-)
 tests:  0|0
c212b72
Thu 23 Mar 2023 03:40:16 PM UTC: 
 list.c | 2 +-
 1 file changed, 1 insertion(+), 1 deletion(-)
 tests:  0|0
5116bc6
Thu 23 Mar 2023 03:41:16 PM UTC: 
 list.c | 2 +-
 1 file changed, 1 insertion(+), 1 deletion(-)
 tests:  0|0
5320d88
Thu 23 Mar 2023 03:42:11 PM UTC: 
 list.c | 1 +
 1 file changed, 1 insertion(+)
 tests:  0|0
26620e0
Thu 23 Mar 2023 03:42:33 PM UTC: 
 list.c | 3 ++-
 1 file changed, 2 insertions(+), 1 deletion(-)
 tests:  5|4
total_score: 25/70
9d94743
Thu 23 Mar 2023 03:45:45 PM UTC: 
 list.c | 4 +++-
 1 file changed, 3 insertions(+), 1 deletion(-)
In file included from test.c:5:
list.c: In function ‘lastList’:
list.c:55:21: error: ‘List’ {aka ‘struct List’} has no member named ‘last’
   55 |   list->current=list->last;
      |                     ^~
list.c:56:14: error: ‘List’ {aka ‘struct List’} has no member named ‘last’
   56 |   return(list->last->data);
      |              ^~
list.c:57:1: error: control reaches end of non-void function [-Werror=return-type]
   57 | }
      | ^
cc1: all warnings being treated as errors
Compilation failed
5df6188
Thu 23 Mar 2023 03:46:07 PM UTC: 
 list.c | 4 ++--
 1 file changed, 2 insertions(+), 2 deletions(-)
 tests:  6|4
total_score: 25/70
b162ad9
Thu 23 Mar 2023 03:46:37 PM UTC: 
 list.c | 6 +++++-
 1 file changed, 5 insertions(+), 1 deletion(-)
In file included from test.c:5:
list.c: In function ‘prevList’:
list.c:60:3: error: implicit declaration of function ‘f’ [-Werror=implicit-function-declaration]
   60 |   f(!list) return NULL;
      |   ^
list.c:60:11: error: expected ‘;’ before ‘return’
   60 |   f(!list) return NULL;
      |           ^~~~~~~
      |           ;
cc1: all warnings being treated as errors
Compilation failed
f4e1977
Thu 23 Mar 2023 03:46:49 PM UTC: 
 list.c | 2 +-
 1 file changed, 1 insertion(+), 1 deletion(-)
 tests:  9|3
total_score: 35/70
f2d2e17
Thu 23 Mar 2023 03:52:44 PM UTC: 
 list.c | 2 +-
 1 file changed, 1 insertion(+), 1 deletion(-)
 tests:  0|0
265e724
Thu 23 Mar 2023 03:54:52 PM UTC: 
 list.c | 4 ++--
 1 file changed, 2 insertions(+), 2 deletions(-)
 tests:  9|3
total_score: 35/70
0b8a521
Thu 23 Mar 2023 03:58:00 PM UTC: 
 list.c | 2 ++
 1 file changed, 2 insertions(+)
 tests:  9|3
total_score: 35/70
f992b0f
Thu 23 Mar 2023 04:00:13 PM UTC: 
 list.c | 2 +-
 1 file changed, 1 insertion(+), 1 deletion(-)
 tests:  9|3
total_score: 35/70
22dc6fc
Thu 23 Mar 2023 04:02:43 PM UTC: 
 list.c | 1 +
 1 file changed, 1 insertion(+)
In file included from test.c:5:
list.c: In function ‘pushFront’:
list.c:68:20: error: ‘return’ with a value, in function returning void [-Werror=return-type]
   68 |   if(!list) return NULL;
      |                    ^~~~
list.c:67:6: note: declared here
   67 | void pushFront(List * list, void * data) {
      |      ^~~~~~~~~
cc1: all warnings being treated as errors
Compilation failed
9895e63
Thu 23 Mar 2023 04:03:37 PM UTC: 
 list.c | 3 +--
 1 file changed, 1 insertion(+), 2 deletions(-)
 tests:  9|3
total_score: 35/70
131211a
Thu 23 Mar 2023 04:04:23 PM UTC: 
 list.c | 1 +
 1 file changed, 1 insertion(+)
 tests:  9|3
total_score: 35/70
88faa63
Thu 23 Mar 2023 04:04:44 PM UTC: 
 list.c | 2 +-
 1 file changed, 1 insertion(+), 1 deletion(-)
 tests:  9|3
total_score: 35/70
a65b664
Thu 23 Mar 2023 04:05:08 PM UTC: 
 list.c | 3 ++-
 1 file changed, 2 insertions(+), 1 deletion(-)
 tests:  9|3
total_score: 35/70
42e0c22
Thu 23 Mar 2023 04:06:04 PM UTC: 
 list.c | 4 ++--
 1 file changed, 2 insertions(+), 2 deletions(-)
 tests:  9|3
total_score: 35/70
7fccaca
Thu 23 Mar 2023 04:07:42 PM UTC: 
 list.c | 1 +
 1 file changed, 1 insertion(+)
 tests:  9|3
total_score: 35/70
32d9dac
Thu 23 Mar 2023 04:10:10 PM UTC: 
 list.c | 2 +-
 1 file changed, 1 insertion(+), 1 deletion(-)
 tests:  9|3
total_score: 35/70
9e293ff
Thu 23 Mar 2023 04:10:36 PM UTC: 
 list.c | 4 ++--
 1 file changed, 2 insertions(+), 2 deletions(-)
In file included from test.c:5:
list.c: In function ‘pushFront’:
list.c:76:3: error: this ‘if’ clause does not guard... [-Werror=misleading-indentation]
   76 |   if(!list->head)
      |   ^~
list.c:78:5: note: ...this statement, but the latter is misleadingly indented as if it were guarded by the ‘if’
   78 |     list->tail=list->head;
      |     ^~~~
cc1: all warnings being treated as errors
Compilation failed
14ba93e
Thu 23 Mar 2023 04:10:51 PM UTC: 
 list.c | 2 ++
 1 file changed, 2 insertions(+)
 tests:  9|3
total_score: 35/70
63f148b
Thu 23 Mar 2023 04:11:30 PM UTC: 
 list.c | 2 ++
 1 file changed, 2 insertions(+)
 tests:  9|3
total_score: 35/70
d8ccf4c
Thu 23 Mar 2023 04:11:59 PM UTC: 
 list.c | 4 ++--
 1 file changed, 2 insertions(+), 2 deletions(-)
 tests:  0|0
8febec8
Thu 23 Mar 2023 04:12:23 PM UTC: 
 list.c | 3 +--
 1 file changed, 1 insertion(+), 2 deletions(-)
 tests:  0|0
61f5c95
Thu 23 Mar 2023 04:12:39 PM UTC: 
 list.c | 4 ++--
 1 file changed, 2 insertions(+), 2 deletions(-)
 tests:  9|3
total_score: 35/70
72c522a
Thu 23 Mar 2023 11:41:38 PM UTC: 
 list.c | 1 +
 1 file changed, 1 insertion(+)
 tests:  9|3
total_score: 35/70
8519928
Thu 23 Mar 2023 11:44:14 PM UTC: 
 list.c | 2 +-
 1 file changed, 1 insertion(+), 1 deletion(-)
 tests:  10|2
total_score: 45/70
dfcba32
Thu 23 Mar 2023 11:47:02 PM UTC: 
 list.c | 16 +++++++++++++++-
 1 file changed, 15 insertions(+), 1 deletion(-)
 tests:  10|2
total_score: 45/70
aa8877c
Thu 23 Mar 2023 11:52:17 PM UTC: 
 list.c | 11 +++++++++++
 1 file changed, 11 insertions(+)
 tests:  10|2
total_score: 45/70
72a60f6
Thu 23 Mar 2023 11:54:30 PM UTC: 
 list.c | 16 +++++++++++-----
 1 file changed, 11 insertions(+), 5 deletions(-)
 tests:  10|2
total_score: 45/70
f962b9c
Thu 23 Mar 2023 11:57:26 PM UTC: 
 list.c | 18 +++++-------------
 1 file changed, 5 insertions(+), 13 deletions(-)
 tests:  10|2
total_score: 45/70
a33436b
Fri 24 Mar 2023 12:00:15 AM UTC: 
 list.c | 6 ++++++
 1 file changed, 6 insertions(+)
 tests:  10|2
total_score: 45/70
258959a
Fri 24 Mar 2023 12:01:13 AM UTC: 
 list.c | 6 +++---
 1 file changed, 3 insertions(+), 3 deletions(-)
 tests:  10|2
total_score: 45/70
bf75ae1
Fri 24 Mar 2023 12:01:50 AM UTC: 
 list.c | 5 +++--
 1 file changed, 3 insertions(+), 2 deletions(-)
 tests:  10|2
total_score: 45/70
90996d5
Fri 24 Mar 2023 12:02:24 AM UTC: 
 list.c | 10 +++++-----
 1 file changed, 5 insertions(+), 5 deletions(-)
 tests:  11|1
total_score: 55/70
f51f875
Fri 24 Mar 2023 12:07:31 AM UTC: 
 list.c | 8 +++++---
 1 file changed, 5 insertions(+), 3 deletions(-)
 tests:  11|1
total_score: 55/70
54f333f
Fri 24 Mar 2023 12:08:35 AM UTC: 
 list.c | 2 +-
 1 file changed, 1 insertion(+), 1 deletion(-)
 tests:  11|1
total_score: 55/70
efb8952
Fri 24 Mar 2023 12:09:57 AM UTC: 
 list.c | 7 +++----
 1 file changed, 3 insertions(+), 4 deletions(-)
 tests:  11|1
total_score: 55/70
6cbc5a0
Fri 24 Mar 2023 12:19:48 AM UTC: 
 list.c | 48 ++++++++++++++++++++++++++++++++++++++++++++----
 1 file changed, 44 insertions(+), 4 deletions(-)
In file included from test.c:5:
list.c: In function ‘popFront’:
list.c:167:1: error: control reaches end of non-void function [-Werror=return-type]
  167 | }
      | ^
At top level:
list.c:122:9: error: ‘popCurrent’ defined but not used [-Werror=unused-function]
  122 |   void *popCurrent(List *list) {
      |         ^~~~~~~~~~
cc1: all warnings being treated as errors
Compilation failed
0e5addb
Fri 24 Mar 2023 12:20:15 AM UTC: 
 list.c | 3 +--
 1 file changed, 1 insertion(+), 2 deletions(-)
 tests:  11|1
total_score: 55/70
cd9337d
Fri 24 Mar 2023 12:22:06 AM UTC: 
 list.c | 20 ++++++++++++++++++++
 1 file changed, 20 insertions(+)
In file included from test.c:5:
list.c: In function ‘popBack’:
list.c:184:10: error: ‘datoEliminado’ undeclared (first use in this function)
  184 |   return datoEliminado;
      |          ^~~~~~~~~~~~~
list.c:184:10: note: each undeclared identifier is reported only once for each function it appears in
Compilation failed
af15399
Fri 24 Mar 2023 12:22:22 AM UTC: 
 list.c | 1 +
 1 file changed, 1 insertion(+)
 tests:  11|1
total_score: 55/70
009493a
Fri 24 Mar 2023 12:23:55 AM UTC: 
 list.c | 9 ++++++++-
 1 file changed, 8 insertions(+), 1 deletion(-)
 tests:  0|0
61cfc46
Fri 24 Mar 2023 12:25:05 AM UTC: 
 list.c | 8 ++++++++
 1 file changed, 8 insertions(+)
In file included from test.c:5:
list.c: In function ‘popCurrent’:
list.c:193:19: error: expected ‘;’ before ‘}’ token
  193 |     popFront(list)
      |                   ^
      |                   ;
  194 |   }
      |   ~                
list.c:197:18: error: expected ‘;’ before ‘}’ token
  197 |     popBack(list)
      |                  ^
      |                  ;
  198 |   }
      |   ~               
Compilation failed
a74d8cd
Fri 24 Mar 2023 12:25:14 AM UTC: 
 list.c | 4 ++--
 1 file changed, 2 insertions(+), 2 deletions(-)
 tests:  11|1
total_score: 55/70
78519c7
Fri 24 Mar 2023 12:26:18 AM UTC: 
 list.c | 37 +++++++++++++++++++++++++++++++++----
 1 file changed, 33 insertions(+), 4 deletions(-)
In file included from test.c:5:
list.c: In function ‘popCurrent’:
list.c:234:1: error: control reaches end of non-void function [-Werror=return-type]
  234 | }
      | ^
At top level:
list.c:189:9: error: ‘popCurrent’ defined but not used [-Werror=unused-function]
  189 |   void *popCurrent(List *list) {
      |         ^~~~~~~~~~
cc1: all warnings being treated as errors
Compilation failed
d8dd489
Fri 24 Mar 2023 12:26:37 AM UTC: 
 list.c | 2 --
 1 file changed, 2 deletions(-)
 tests:  12|0
total_score: 70/70
865f63c
Fri 24 Mar 2023 12:27:33 AM UTC: 
 list.c | 1 -
 1 file changed, 1 deletion(-)
 tests:  12|0
total_score: 70/70
698deed
Sat 25 Mar 2023 05:06:58 PM UTC: 
 list.c | 22 +---------------------
 1 file changed, 1 insertion(+), 21 deletions(-)
In file included from test.c:5:
list.c: In function ‘popBack’:
list.c:165:1: error: control reaches end of non-void function [-Werror=return-type]
  165 | }
      | ^
cc1: all warnings being treated as errors
Compilation failed
8f7ac13
Sat 25 Mar 2023 05:08:43 PM UTC: 
 list.c | 2 +-
 1 file changed, 1 insertion(+), 1 deletion(-)
In file included from test.c:5:
list.c: In function ‘popBack’:
list.c:164:26: error: expected ‘)’ before ‘;’ token
  164 |   return(popCurrent(list);
      |         ~                ^
      |                          )
list.c:164:27: error: expected ‘;’ before ‘}’ token
  164 |   return(popCurrent(list);
      |                           ^
      |                           ;
  165 | }
      | ~                          
Compilation failed
7e7cd65
